2026-07-20 19:46:00,156 file: tool_utils.py func: tool_utils line No: 77 log will be stored in /home/gjl/.temporary_workspace/hb_mapper_makertbin.log
2026-07-20 19:46:00,156 file: hb_mapper.py func: hb_mapper line No: 132 Start hb_mapper....
2026-07-20 19:46:00,156 file: hb_mapper.py func: hb_mapper line No: 133 hbdk version 3.49.15
2026-07-20 19:46:00,156 file: hb_mapper.py func: hb_mapper line No: 134 horizon_nn version 1.1.0
2026-07-20 19:46:00,156 file: hb_mapper.py func: hb_mapper line No: 135 hb_mapper version 1.24.3
2026-07-20 19:46:00,156 file: hb_mapper_makertbin.py func: hb_mapper_makertbin line No: 530 Start Model Convert....
2026-07-20 19:46:00,158 file: mapper_conf_parser.py func: mapper_conf_parser line No: 105 validating model_parameters...
2026-07-20 19:46:00,158 file: mapper_conf_parser.py func: mapper_conf_parser line No: 260 Using onnx model file: /home/gjl/Documents/xwechat_files/wxid_qfwlbb25fwgs22_94aa/msg/file/2026-07/best(2).onnx
2026-07-20 19:46:00,169 file: onnx_parser.py func: onnx_parser line No: 39 Model input names: ['images']
2026-07-20 19:46:00,169 file: mapper_conf_parser.py func: mapper_conf_parser line No: 264 Model has 1 inputs according to model file
2026-07-20 19:46:00,169 file: mapper_conf_parser.py func: mapper_conf_parser line No: 287 working_dir does not exist. Creating working_dir: /home/gjl/.temporary_workspace/bpu_model_output
2026-07-20 19:46:00,169 file: mapper_conf_parser.py func: mapper_conf_parser line No: 438 node_dict: {self.node_dict}
2026-07-20 19:46:00,169 file: mapper_conf_parser.py func: mapper_conf_parser line No: 119 validating model_parameters finished
2026-07-20 19:46:00,169 file: mapper_conf_parser.py func: mapper_conf_parser line No: 123 validating input_parameters...
2026-07-20 19:46:00,169 file: mapper_conf_parser.py func: mapper_conf_parser line No: 492 Model name not given in yaml_file, using model name from model file: ['images']
2026-07-20 19:46:00,170 file: mapper_conf_parser.py func: mapper_conf_parser line No: 536 Model input shape not given in yaml_file, using shape from model file: [[1, 3, 640, 640]]
2026-07-20 19:46:00,170 file: mapper_conf_parser.py func: mapper_conf_parser line No: 639 nv12 input type rt received.
2026-07-20 19:46:00,170 file: mapper_conf_parser.py func: mapper_conf_parser line No: 135 validating input_parameters finished
2026-07-20 19:46:00,170 file: mapper_conf_parser.py func: mapper_conf_parser line No: 139 validating calibration_parameters...
2026-07-20 19:46:00,170 file: mapper_conf_parser.py func: mapper_conf_parser line No: 1007 The calibration dir name suffix is not the same as the value float32 of the parameter cal_data_type, the parameter setting will prevail
2026-07-20 19:46:00,170 file: mapper_conf_parser.py func: mapper_conf_parser line No: 155 validating calibration_parameters finished
2026-07-20 19:46:00,170 file: mapper_conf_parser.py func: mapper_conf_parser line No: 159 validating custom_op...
2026-07-20 19:46:00,170 file: mapper_conf_parser.py func: mapper_conf_parser line No: 1076 custom_op does not exist, skipped
2026-07-20 19:46:00,170 file: mapper_conf_parser.py func: mapper_conf_parser line No: 165 validating custom_op finished
2026-07-20 19:46:00,170 file: mapper_conf_parser.py func: mapper_conf_parser line No: 168 validating compiler_parameters...
2026-07-20 19:46:00,170 file: mapper_conf_parser.py func: mapper_conf_parser line No: 1157 Input node images's input_source not set, it will be set to pyramid by default
2026-07-20 19:46:00,170 file: mapper_conf_parser.py func: mapper_conf_parser line No: 183 validating compiler_parameters finished
2026-07-20 19:46:00,170 file: mapper_conf_parser.py func: mapper_conf_parser line No: 187 validating deprecated parameters...
2026-07-20 19:46:00,170 file: mapper_conf_parser.py func: mapper_conf_parser line No: 193 validating deprecated parameters finished
2026-07-20 19:46:00,170 file: hb_mapper_makertbin.py func: hb_mapper_makertbin line No: 54 Dump config:
2026-07-20 19:46:00,170 file: hb_mapper_makertbin.py func: hb_mapper_makertbin line No: 55 calibration_parameters:
  cal_data_dir: /home/gjl/.temporary_workspace/.calibration_data_temporary_folder
  cal_data_type: float32
  calibration_type: default
  optimization: set_Softmax_input_int8,set_Softmax_output_int8
compiler_parameters:
  compile_mode: latency
  debug: true
  jobs: 16
  optimize_level: O3
input_parameters:
  input_layout_train: NCHW
  input_name: ''
  input_type_rt: nv12
  input_type_train: rgb
  norm_type: data_scale
  scale_value: '0.003921568627451'
model_parameters:
  layer_out_dump: false
  march: bayes-e
  onnx_model: /home/gjl/Documents/xwechat_files/wxid_qfwlbb25fwgs22_94aa/msg/file/2026-07/best(2).onnx
  output_model_file_prefix: best(2)_bayese_640x640_nv12
  working_dir: /home/gjl/.temporary_workspace/bpu_model_output

2026-07-20 19:46:00,172 file: hb_mapper_makertbin.py func: hb_mapper_makertbin line No: 60 input 'images' : original model shape: [1, 3, 640, 640]
2026-07-20 19:46:00,172 file: loader.py func: loader line No: 204 *******************************************
2026-07-20 19:46:00,172 file: loader.py func: loader line No: 205 First calibration picture name: 083aa2bbc00d673a34ea37a473d2fa4d.jpg.rgbchw
2026-07-20 19:46:00,172 file: loader.py func: loader line No: 207 First calibration picture md5:
2026-07-20 19:46:00,182 file: loader.py func: loader line No: 211 *******************************************
2026-07-20 19:46:00,183 file: loader.py func: loader line No: 282 created RawImageDirLoader of shape:[1, 3, 640, 640]
2026-07-20 19:46:00,183 file: loader.py func: loader line No: 287 Read raw file: /home/gjl/.temporary_workspace/.calibration_data_temporary_folder/083aa2bbc00d673a34ea37a473d2fa4d.jpg.rgbchw
2026-07-20 19:46:00,226 file: loader.py func: loader line No: 287 Read raw file: /home/gjl/.temporary_workspace/.calibration_data_temporary_folder/08ace44693a379abca83bf0c3ceaf9b0.jpg.rgbchw
2026-07-20 19:46:00,266 file: loader.py func: loader line No: 287 Read raw file: /home/gjl/.temporary_workspace/.calibration_data_temporary_folder/0e52d8806211bf54ed18c354dd602cff.jpg.rgbchw
2026-07-20 19:46:00,307 file: loader.py func: loader line No: 287 Read raw file: /home/gjl/.temporary_workspace/.calibration_data_temporary_folder/19796ba3ccc5bac78a49897ad49218c8.jpg.rgbchw
2026-07-20 19:46:00,348 file: loader.py func: loader line No: 287 Read raw file: /home/gjl/.temporary_workspace/.calibration_data_temporary_folder/1a2f03f81b283e2931ac8f15d84018a6.jpg.rgbchw
2026-07-20 19:46:00,389 file: loader.py func: loader line No: 287 Read raw file: /home/gjl/.temporary_workspace/.calibration_data_temporary_folder/1cc89d603097d339e8a52b672890695d.jpg.rgbchw
2026-07-20 19:46:00,431 file: loader.py func: loader line No: 287 Read raw file: /home/gjl/.temporary_workspace/.calibration_data_temporary_folder/21b1328f756c4fae4788525549146a7e.jpg.rgbchw
2026-07-20 19:46:00,471 file: loader.py func: loader line No: 287 Read raw file: /home/gjl/.temporary_workspace/.calibration_data_temporary_folder/281e8a63b9a1ff666b5c496283538a68.jpg.rgbchw
2026-07-20 19:46:00,511 file: loader.py func: loader line No: 287 Read raw file: /home/gjl/.temporary_workspace/.calibration_data_temporary_folder/3973d7a557310204b2c915647963ebed.jpg.rgbchw
2026-07-20 19:46:00,553 file: loader.py func: loader line No: 287 Read raw file: /home/gjl/.temporary_workspace/.calibration_data_temporary_folder/56c303275f3b210d7d81b796bb32ec26.jpg.rgbchw
2026-07-20 19:46:00,593 file: loader.py func: loader line No: 287 Read raw file: /home/gjl/.temporary_workspace/.calibration_data_temporary_folder/58d335dc5242bc6278688c9869536b6e.jpg.rgbchw
2026-07-20 19:46:00,635 file: loader.py func: loader line No: 287 Read raw file: /home/gjl/.temporary_workspace/.calibration_data_temporary_folder/624e00092609d07c2243d5b43b9247dd.jpg.rgbchw
2026-07-20 19:46:00,674 file: loader.py func: loader line No: 287 Read raw file: /home/gjl/.temporary_workspace/.calibration_data_temporary_folder/681c700a14b2f0e1584a9cff18c356dd.jpg.rgbchw
2026-07-20 19:46:00,713 file: loader.py func: loader line No: 287 Read raw file: /home/gjl/.temporary_workspace/.calibration_data_temporary_folder/79ada1c1d158a0fe7338b5155f01c500.jpg.rgbchw
2026-07-20 19:46:00,754 file: loader.py func: loader line No: 287 Read raw file: /home/gjl/.temporary_workspace/.calibration_data_temporary_folder/7f7c84b2a49fb878ecf5144b9c1d4677.jpg.rgbchw
2026-07-20 19:46:00,793 file: loader.py func: loader line No: 287 Read raw file: /home/gjl/.temporary_workspace/.calibration_data_temporary_folder/8cd3ce74d7b7be9c55acda4f717e05cc.jpg.rgbchw
2026-07-20 19:46:00,831 file: loader.py func: loader line No: 287 Read raw file: /home/gjl/.temporary_workspace/.calibration_data_temporary_folder/9ea4da18d2f0139682b5678d43e44346.jpg.rgbchw
2026-07-20 19:46:00,872 file: loader.py func: loader line No: 287 Read raw file: /home/gjl/.temporary_workspace/.calibration_data_temporary_folder/b2ce2b00e05de274b9e7a726aa469168.jpg.rgbchw
2026-07-20 19:46:00,911 file: loader.py func: loader line No: 287 Read raw file: /home/gjl/.temporary_workspace/.calibration_data_temporary_folder/bd81b8c2227fee9829803f54d17b728a.jpg.rgbchw
2026-07-20 19:46:00,950 file: loader.py func: loader line No: 287 Read raw file: /home/gjl/.temporary_workspace/.calibration_data_temporary_folder/c8c45064f1de97933f446fd319990aec.jpg.rgbchw
2026-07-20 19:46:00,991 file: loader.py func: loader line No: 287 Read raw file: /home/gjl/.temporary_workspace/.calibration_data_temporary_folder/d29d84949bea361882fd873a09f2ee81.jpg.rgbchw
2026-07-20 19:46:01,031 file: loader.py func: loader line No: 287 Read raw file: /home/gjl/.temporary_workspace/.calibration_data_temporary_folder/d7b1c84646b67f2a02c85312fe5405b9.jpg.rgbchw
2026-07-20 19:46:01,075 file: loader.py func: loader line No: 287 Read raw file: /home/gjl/.temporary_workspace/.calibration_data_temporary_folder/dcb482005b94fe3699717565a55c32df.jpg.rgbchw
2026-07-20 19:46:01,115 file: loader.py func: loader line No: 287 Read raw file: /home/gjl/.temporary_workspace/.calibration_data_temporary_folder/e1eb55cbb23c50d57035b7562b9b06fd.jpg.rgbchw
2026-07-20 19:46:01,155 file: loader.py func: loader line No: 287 Read raw file: /home/gjl/.temporary_workspace/.calibration_data_temporary_folder/e32aefdaef8a66bc7245789edbc43047.jpg.rgbchw
2026-07-20 19:46:01,197 file: loader.py func: loader line No: 287 Read raw file: /home/gjl/.temporary_workspace/.calibration_data_temporary_folder/f13edb6b9cd50d6a58da9b372641c1e5.jpg.rgbchw
2026-07-20 19:46:01,237 file: tool_utils.py func: tool_utils line No: 368 num of calibration data: 26
2026-07-20 19:46:01,237 file: tool_utils.py func: tool_utils line No: 369 calibration data shape: (1, 3, 640, 640)
2026-07-20 19:46:01,245 file: hb_mapper_makertbin.py func: hb_mapper_makertbin line No: 519 call build params:
 {'march': 'bayes-e', 'save_model': True, 'name_prefix': 'best(2)_bayese_640x640_nv12', 'input_dict': {'images': {'input_shape': [1, 3, 640, 640], 'expected_input_type': 'YUV444_128', 'original_input_type': 'RGB', 'original_input_layout': 'NCHW', 'scales': array([0.00392157], dtype=float32)}}, 'cali_dict': {'calibration_type': 'default', 'calibration_data': {'images': [array([[[[-116., -115., -114., ..., -125., -125., -125.],
         [-119., -118., -116., ..., -125., -125., -125.],
         [-121., -120., -120., ..., -126., -126., -126.],
         ...,
         [ -69.,  -66.,  -64., ...,  -92.,  -92.,  -92.],
         [ -63.,  -65.,  -66., ...,  -93.,  -93.,  -93.],
         [ -62.,  -66.,  -66., ...,  -91.,  -91.,  -90.]],

        [[   5.,    5.,    5., ...,    1.,    1.,    1.],
         [   5.,    5.,    5., ...,    1.,    1.,    1.],
         [   5.,    5.,    5., ...,    1.,    1.,    1.],
         ...,
         [   0.,    0.,    0., ...,    0.,    0.,    0.],
         [   0.,    0.,    0., ...,    0.,    0.,    0.],
         [   0.,    0.,    0., ...,    0.,    0.,    0.]],

        [[  -3.,   -3.,   -3., ...,   -1.,   -1.,   -1.],
         [  -3.,   -3.,   -3., ...,   -1.,   -1.,   -1.],
         [  -3.,   -3.,   -3., ...,   -1.,   -1.,   -1.],
         ...,
         [  -2.,   -2.,   -2., ...,   -2.,   -2.,   -2.],
         [  -2.,   -2.,   -2., ...,   -2.,   -2.,   -2.],
         [  -2.,   -2.,   -2., ...,   -2.,   -2.,   -2.]]]], dtype=float32), array([[[[-124., -124., -124., ...,  -42.,  -50.,  -55.],
         [-124., -124., -124., ...,  -45.,  -48.,  -51.],
         [-124., -124., -124., ...,  -84.,  -83.,  -84.],
         ...,
         [ -80.,  -81.,  -81., ...,   77.,   78.,   79.],
         [ -80.,  -81.,  -81., ...,   79.,   79.,   78.],
         [ -81.,  -81.,  -81., ...,   79.,   79.,   79.]],

        [[   2.,    2.,    2., ...,    8.,    7.,    7.],
         [   2.,    2.,    2., ...,    8.,    7.,    7.],
         [   2.,    2.,    2., ...,    7.,    7.,    7.],
         ...,
         [   1.,    1.,    1., ...,  -11.,  -11.,  -11.],
         [   1.,    1.,    1., ...,  -11.,  -11.,  -11.],
         [   1.,    1.,    1., ...,  -11.,  -11.,  -11.]],

        [[  -1.,   -1.,   -1., ...,   -5.,   -6.,   -6.],
         [  -1.,   -1.,   -1., ...,   -5.,   -6.,   -6.],
         [  -1.,   -1.,   -1., ...,   -6.,   -6.,   -6.],
         ...,
         [  -3.,   -3.,   -3., ...,    5.,    5.,    5.],
         [  -3.,   -3.,   -3., ...,    5.,    5.,    5.],
         [  -3.,   -3.,   -3., ...,    5.,    5.,    5.]]]], dtype=float32), array([[[[-87., -87., -87., ..., -90., -91., -91.],
         [-87., -87., -86., ..., -95., -95., -94.],
         [-94., -92., -89., ..., -96., -96., -96.],
         ...,
         [ 44.,  43.,  44., ...,  35.,  35.,  37.],
         [ 44.,  45.,  45., ...,  45.,  43.,  39.],
         [ 44.,  42.,  43., ...,  45.,  42.,  40.]],

        [[  2.,   2.,   2., ...,  -3.,  -3.,  -3.],
         [  2.,   2.,   2., ...,  -3.,  -3.,  -3.],
         [  2.,   2.,   2., ...,  -4.,  -3.,  -3.],
         ...,
         [-13., -13., -13., ..., -11., -11., -11.],
         [-13., -13., -13., ..., -11., -11., -11.],
         [-13., -13., -13., ..., -11., -11., -11.]],

        [[ -1.,  -1.,  -1., ...,  -1.,  -1.,  -1.],
         [ -1.,  -1.,  -1., ...,  -1.,  -1.,  -1.],
         [ -1.,  -1.,  -1., ...,  -1.,  -1.,  -1.],
         ...,
         [  4.,   4.,   4., ...,   5.,   5.,   5.],
         [  4.,   4.,   4., ...,   5.,   5.,   5.],
         [  4.,   4.,   4., ...,   5.,   5.,   5.]]]], dtype=float32), array([[[[-122., -122., -122., ...,  -87.,  -81.,  -81.],
         [-122., -122., -122., ...,  -93.,  -89.,  -76.],
         [-122., -122., -122., ...,  -84.,  -99., -106.],
         ...,
         [  32.,   32.,   31., ...,   20.,   17.,   21.],
         [  32.,   32.,   31., ...,   16.,   13.,   15.],
         [  31.,   31.,   31., ...,   17.,   16.,   16.]],

        [[   2.,    2.,    2., ...,    6.,    6.,    6.],
         [   2.,    2.,    2., ...,    6.,    6.,    6.],
         [   2.,    2.,    2., ...,    6.,    6.,    6.],
         ...,
         [ -10.,  -10.,  -10., ...,  -18.,  -18.,  -18.],
         [ -10.,  -10.,  -10., ...,  -18.,  -18.,  -18.],
         [ -10.,  -10.,  -10., ...,  -18.,  -18.,  -18.]],

        [[  -1.,   -1.,   -1., ...,   -5.,   -5.,   -5.],
         [  -1.,   -1.,   -1., ...,   -5.,   -5.,   -5.],
         [  -1.,   -1.,   -1., ...,   -5.,   -5.,   -5.],
         ...,
         [   4.,    4.,    4., ...,   15.,   14.,   14.],
         [   4.,    4.,    4., ...,   15.,   15.,   15.],
         [   4.,    4.,    4., ...,   15.,   15.,   15.]]]], dtype=float32), array([[[[-101., -101., -101., ...,  -12.,  -11.,  -11.],
         [ -98.,  -99., -100., ...,  -36.,  -38.,  -39.],
         [-101., -101., -101., ...,  -43.,  -42.,  -41.],
         ...,
         [ -11.,  -11.,  -11., ...,  -83.,  -82.,  -80.],
         [ -11.,  -11.,  -11., ...,  -83.,  -83.,  -83.],
         [ -13.,  -12.,  -12., ...,  -83.,  -83.,  -83.]],

        [[  11.,   11.,   11., ...,   -1.,   -2.,   -2.],
         [  11.,   11.,   11., ...,   -1.,   -2.,   -2.],
         [  11.,   11.,   11., ...,   -2.,   -2.,   -2.],
         ...,
         [   2.,    2.,    2., ...,    2.,    2.,    2.],
         [   2.,    2.,    2., ...,    2.,    2.,    2.],
         [   2.,    2.,    2., ...,    2.,    2.,    2.]],

        [[  -6.,   -6.,   -6., ...,   -1.,   -1.,   -1.],
         [  -6.,   -6.,   -6., ...,   -1.,   -1.,   -1.],
         [  -6.,   -6.,   -6., ...,   -1.,   -1.,   -1.],
         ...,
         [  -3.,   -3.,   -3., ...,   -3.,   -3.,   -3.],
         [  -3.,   -3.,   -3., ...,   -3.,   -4.,   -4.],
         [  -3.,   -3.,   -3., ...,   -3.,   -4.,   -4.]]]], dtype=float32), array([[[[ -72.,  -72.,  -74., ...,  -89.,  -89.,  -90.],
         [ -72.,  -72.,  -71., ...,  -91.,  -89.,  -90.],
         [ -70.,  -69.,  -70., ...,  -87.,  -88.,  -93.],
         ...,
         [ -72.,  -74.,  -73., ..., -103., -103., -103.],
         [ -74.,  -73.,  -75., ..., -104., -103., -102.],
         [ -76.,  -71.,  -72., ..., -103., -101., -100.]],

        [[   2.,    2.,    2., ...,    2.,    2.,    2.],
         [   2.,    2.,    2., ...,    2.,    2.,    2.],
         [   2.,    2.,    2., ...,    2.,    2.,    2.],
         ...,
         [   2.,    2.,    2., ...,    1.,    1.,    1.],
         [   2.,    2.,    2., ...,    1.,    1.,    1.],
         [   2.,    2.,    2., ...,    1.,    1.,    1.]],

        [[   0.,    0.,    0., ...,   -1.,   -1.,   -1.],
         [   0.,    0.,    0., ...,   -1.,   -1.,   -1.],
         [   0.,    0.,    0., ...,   -1.,   -1.,   -1.],
         ...,
         [  -3.,   -3.,   -3., ...,   -1.,   -1.,   -1.],
         [  -3.,   -3.,   -3., ...,   -1.,   -1.,   -1.],
         [  -3.,   -3.,   -3., ...,   -1.,   -1.,   -1.]]]], dtype=float32), array([[[[-123., -123., -123., ...,  -69.,  -68.,  -69.],
         [-123., -123., -123., ...,  -68.,  -63.,  -66.],
         [-125., -125., -125., ...,  -69.,  -66.,  -67.],
         ...,
         [  23.,   24.,   25., ...,   24.,   28.,   31.],
         [  21.,   21.,   23., ...,   26.,   28.,   31.],
         [  22.,   22.,   28., ...,   25.,   30.,   27.]],

        [[   2.,    2.,    2., ...,    4.,    4.,    4.],
         [   2.,    2.,    2., ...,    4.,    4.,    4.],
         [   2.,    2.,    2., ...,    4.,    4.,    4.],
         ...,
         [ -11.,  -11.,  -11., ...,  -22.,  -23.,  -23.],
         [ -11.,  -11.,  -11., ...,  -22.,  -22.,  -22.],
         [ -11.,  -11.,  -11., ...,  -22.,  -22.,  -22.]],

        [[   0.,    0.,    0., ...,   -3.,   -3.,   -3.],
         [   0.,    0.,    0., ...,   -3.,   -3.,   -3.],
         [   0.,    0.,    0., ...,   -3.,   -3.,   -3.],
         ...,
         [   5.,    5.,    5., ...,   17.,   17.,   17.],
         [   5.,    5.,    5., ...,   17.,   17.,   17.],
         [   5.,    5.,    5., ...,   17.,   17.,   17.]]]], dtype=float32), array([[[[-51., -60., -53., ..., -82., -83., -85.],
         [-43., -55., -64., ..., -83., -83., -80.],
         [-63., -68., -93., ..., -59., -63., -65.],
         ...,
         [ 57.,  57.,  57., ...,  76.,  76.,  75.],
         [ 57.,  57.,  57., ...,  76.,  76.,  75.],
         [ 56.,  56.,  56., ...,  74.,  74.,  73.]],

        [[  0.,   0.,   0., ...,  10.,  10.,  10.],
         [  0.,   0.,   0., ...,  10.,  10.,  10.],
         [  0.,   0.,   0., ...,   7.,   7.,   7.],
         ...,
         [-14., -14., -14., ..., -13., -13., -13.],
         [-14., -14., -14., ..., -13., -13., -13.],
         [-14., -14., -14., ..., -13., -13., -13.]],

        [[  0.,   0.,   0., ...,  -7.,  -7.,  -7.],
         [  0.,   0.,   0., ...,  -7.,  -7.,  -7.],
         [  0.,   0.,   0., ...,  -4.,  -4.,  -4.],
         ...,
         [  4.,   4.,   4., ...,   7.,   7.,   7.],
         [  4.,   4.,   4., ...,   7.,   7.,   7.],
         [  4.,   4.,   4., ...,   7.,   7.,   7.]]]], dtype=float32), array([[[[  15.,   44.,  102., ...,  -86.,  -86.,  -87.],
         [  -6.,    0.,    5., ...,  -69.,  -70.,  -66.],
         [  70.,   69.,   68., ..., -104.,  -92.,  -85.],
         ...,
         [-111., -112., -110., ...,   77.,   77.,   77.],
         [-108., -108., -111., ...,   77.,   77.,   77.],
         [-112., -109., -112., ...,   77.,   77.,   78.]],

        [[  -4.,   -4.,   -4., ...,    3.,    3.,    3.],
         [  -4.,   -4.,   -4., ...,    3.,    3.,    3.],
         [  -4.,   -4.,   -5., ...,    3.,    3.,    3.],
         ...,
         [  -3.,   -3.,   -3., ...,  -11.,  -11.,  -11.],
         [  -3.,   -3.,   -3., ...,  -11.,  -11.,  -11.],
         [  -3.,   -3.,   -3., ...,  -11.,  -11.,  -11.]],

        [[   0.,    0.,    0., ...,   -3.,   -3.,   -3.],
         [   0.,    0.,    0., ...,   -3.,   -3.,   -3.],
         [   0.,    0.,   -1., ...,   -3.,   -3.,   -3.],
         ...,
         [  -1.,   -1.,   -1., ...,    5.,    5.,    5.],
         [  -1.,   -1.,   -1., ...,    5.,    5.,    5.],
         [  -1.,   -1.,   -1., ...,    5.,    5.,    5.]]]], dtype=float32), array([[[[-106., -108., -108., ...,  -66.,  -66.,  -67.],
         [-110., -109., -110., ...,  -67.,  -66.,  -64.],
         [-107., -109., -110., ...,  -66.,  -66.,  -66.],
         ...,
         [  64.,   64.,   63., ...,  -80.,  -79.,  -78.],
         [  57.,   58.,   60., ...,  -80.,  -79.,  -78.],
         [  48.,   48.,   47., ...,  -79.,  -79.,  -78.]],

        [[   0.,    0.,    1., ...,   -3.,   -3.,   -3.],
         [   0.,    0.,    1., ...,   -3.,   -3.,   -3.],
         [   1.,    1.,    1., ...,   -3.,   -3.,   -3.],
         ...,
         [ -14.,  -14.,  -14., ...,    1.,    1.,    1.],
         [ -14.,  -14.,  -14., ...,    1.,    1.,    1.],
         [ -14.,  -14.,  -14., ...,    1.,    1.,    1.]],

        [[  -1.,   -1.,   -1., ...,    0.,    0.,    0.],
         [  -1.,   -1.,   -1., ...,    0.,    0.,    0.],
         [  -1.,   -1.,   -1., ...,    0.,    0.,    0.],
         ...,
         [   4.,    4.,    4., ...,   -3.,   -3.,   -3.],
         [   4.,    4.,    4., ...,   -3.,   -3.,   -3.],
         [   4.,    4.,    4., ...,   -3.,   -3.,   -3.]]]], dtype=float32), array([[[[-124., -124., -124., ..., -123., -123., -123.],
         [-124., -124., -124., ..., -126., -126., -126.],
         [-124., -124., -124., ..., -126., -126., -126.],
         ...,
         [ -52.,  -51.,  -51., ..., -120., -120., -120.],
         [ -51.,  -50.,  -50., ..., -120., -120., -120.],
         [ -49.,  -48.,  -49., ..., -120., -120., -120.]],

        [[   5.,    5.,    5., ...,    2.,    2.,    2.],
         [   5.,    5.,    5., ...,    2.,    2.,    2.],
         [   5.,    5.,    5., ...,    2.,    2.,    2.],
         ...,
         [   1.,    1.,    1., ...,   -1.,   -1.,   -1.],
         [   1.,    1.,    1., ...,   -1.,   -1.,   -1.],
         [   1.,    1.,    1., ...,   -1.,   -1.,   -1.]],

        [[   0.,    0.,    0., ...,   -1.,   -1.,   -1.],
         [   0.,    0.,    0., ...,   -1.,   -1.,   -1.],
         [   0.,    0.,    0., ...,   -1.,   -1.,   -1.],
         ...,
         [  -2.,   -2.,   -3., ...,   -1.,   -1.,   -1.],
         [  -3.,   -3.,   -3., ...,   -1.,   -1.,   -1.],
         [  -3.,   -3.,   -3., ...,   -1.,   -1.,   -1.]]]], dtype=float32), array([[[[ -34.,  -26.,  -19., ..., -107., -106., -110.],
         [ -76.,  -78.,  -72., ..., -112., -108., -109.],
         [ -66.,  -66.,  -76., ..., -112., -111., -114.],
         ...,
         [ -86.,  -88.,  -82., ..., -118., -118., -118.],
         [ -82.,  -83.,  -80., ..., -116., -116., -116.],
         [ -84.,  -83.,  -83., ..., -110., -111., -115.]],

        [[   9.,    9.,    9., ...,    4.,    4.,    4.],
         [   9.,    9.,    9., ...,    4.,    4.,    4.],
         [  13.,   13.,   12., ...,    4.,    4.,    4.],
         ...,
         [   2.,    2.,    2., ...,    1.,    1.,    1.],
         [   2.,    2.,    2., ...,    1.,    1.,    1.],
         [   2.,    2.,    2., ...,    1.,    1.,    1.]],

        [[  -4.,   -4.,   -5., ...,   -6.,   -6.,   -6.],
         [  -4.,   -4.,   -5., ...,   -6.,   -6.,   -6.],
         [  -5.,   -5.,   -4., ...,   -6.,   -6.,   -6.],
         ...,
         [  -3.,   -3.,   -3., ...,   -1.,   -1.,   -1.],
         [  -4.,   -4.,   -4., ...,   -1.,   -1.,   -1.],
         [  -4.,   -4.,   -4., ...,   -1.,   -1.,   -1.]]]], dtype=float32), array([[[[  68.,   68.,   68., ...,  -95.,  -97., -100.],
         [  68.,   68.,   68., ...,  -79.,  -79.,  -79.],
         [  68.,   68.,   68., ...,  -90.,  -76.,  -61.],
         ...,
         [ -91.,  -90.,  -88., ..., -123., -123., -123.],
         [ -94.,  -87.,  -91., ..., -123., -123., -123.],
         [ -92.,  -91.,  -92., ..., -120., -127., -122.]],

        [[  -3.,   -3.,   -3., ...,    5.,    4.,    4.],
         [  -3.,   -3.,   -3., ...,    5.,    4.,    4.],
         [  -3.,   -3.,   -3., ...,    2.,    2.,    2.],
         ...,
         [  -1.,   -1.,   -1., ...,   -1.,   -1.,   -1.],
         [  -1.,   -1.,   -1., ...,   -1.,   -1.,   -1.],
         [  -1.,   -1.,   -1., ...,   -1.,   -1.,   -1.]],

        [[   0.,    0.,    0., ...,   -1.,   -1.,   -1.],
         [   0.,    0.,    0., ...,   -1.,   -1.,   -1.],
         [   0.,    0.,    0., ...,   -1.,   -1.,   -1.],
         ...,
         [   0.,    0.,    0., ...,    0.,    0.,    0.],
         [   0.,    0.,    0., ...,    0.,    0.,    0.],
         [   0.,    0.,    0., ...,    0.,    0.,    0.]]]], dtype=float32), array([[[[-114., -114., -114., ...,   95.,   87.,   93.],
         [-115., -113., -111., ...,  -48.,  -42.,  -36.],
         [-110., -109., -108., ...,  -50.,  -49.,  -50.],
         ...,
         [-116., -112., -112., ...,   82.,   82.,   81.],
         [-114., -113., -117., ...,   82.,   82.,   81.],
         [-115., -118., -113., ...,   82.,   82.,   81.]],

        [[   5.,    5.,    5., ...,    2.,    2.,    2.],
         [   5.,    5.,    5., ...,    2.,    2.,    2.],
         [   5.,    5.,    5., ...,   10.,   11.,   11.],
         ...,
         [  -3.,   -3.,   -3., ...,  -15.,  -15.,  -15.],
         [  -3.,   -3.,   -3., ...,  -15.,  -15.,  -15.],
         [  -3.,   -3.,   -3., ...,  -15.,  -15.,  -15.]],

        [[  -3.,   -3.,   -3., ...,   -5.,   -6.,   -6.],
         [  -3.,   -3.,   -3., ...,   -5.,   -6.,   -6.],
         [  -3.,   -3.,   -3., ...,   -5.,   -5.,   -5.],
         ...,
         [   0.,    0.,    0., ...,    5.,    5.,    5.],
         [   0.,    0.,    0., ...,    5.,    5.,    5.],
         [   0.,    0.,    0., ...,    5.,    5.,    5.]]]], dtype=float32), array([[[[-125., -125., -125., ..., -109., -110., -110.],
         [-125., -125., -125., ..., -110., -113., -114.],
         [-125., -125., -125., ..., -109., -111., -114.],
         ...,
         [  42.,   42.,   41., ...,   37.,   36.,   35.],
         [  42.,   42.,   43., ...,   37.,   39.,   40.],
         [  41.,   39.,   43., ...,   37.,   38.,   40.]],

        [[   2.,    2.,    2., ...,    1.,    1.,    1.],
         [   2.,    2.,    2., ...,    1.,    1.,    1.],
         [   2.,    2.,    2., ...,    0.,    1.,    1.],
         ...,
         [ -13.,  -13.,  -13., ...,  -12.,  -12.,  -12.],
         [ -13.,  -13.,  -13., ...,  -12.,  -12.,  -12.],
         [ -13.,  -13.,  -13., ...,  -12.,  -12.,  -12.]],

        [[   0.,    0.,    0., ...,   -1.,   -1.,   -1.],
         [   0.,    0.,    0., ...,   -1.,   -1.,   -1.],
         [   0.,    0.,    0., ...,   -1.,   -1.,   -1.],
         ...,
         [   5.,    5.,    5., ...,    5.,    5.,    5.],
         [   5.,    5.,    5., ...,    5.,    5.,    5.],
         [   5.,    5.,    5., ...,    5.,    5.,    5.]]]], dtype=float32), array([[[[-120., -120., -120., ..., -123., -123., -123.],
         [-120., -120., -120., ..., -123., -123., -123.],
         [-120., -120., -120., ..., -123., -123., -123.],
         ...,
         [ -54.,  -55.,  -55., ..., -101., -101., -100.],
         [ -54.,  -55.,  -55., ..., -101., -101., -102.],
         [ -52.,  -55.,  -57., ..., -100., -101., -103.]],

        [[   6.,    6.,    6., ...,    2.,    2.,    2.],
         [   6.,    6.,    6., ...,    2.,    2.,    2.],
         [   6.,    6.,    6., ...,    2.,    2.,    2.],
         ...,
         [   1.,    1.,    1., ...,    0.,    0.,    0.],
         [   1.,    1.,    1., ...,    0.,    0.,    0.],
         [   1.,    1.,    1., ...,    0.,    0.,    0.]],

        [[  -2.,   -2.,   -2., ...,   -1.,   -1.,   -1.],
         [  -2.,   -2.,   -2., ...,   -1.,   -1.,   -1.],
         [  -2.,   -2.,   -2., ...,   -1.,   -1.,   -1.],
         ...,
         [  -1.,   -1.,   -1., ...,   -2.,   -2.,   -2.],
         [  -1.,   -1.,   -1., ...,   -2.,   -2.,   -2.],
         [  -1.,   -1.,   -1., ...,   -2.,   -2.,   -2.]]]], dtype=float32), array([[[[-107., -107., -100., ...,  -77.,  -81.,  -84.],
         [-109., -106., -104., ..., -115., -117., -120.],
         [-107., -107., -104., ..., -114., -112.,  -95.],
         ...,
         [ -65.,  -73.,  -77., ..., -111., -113., -115.],
         [ -62.,  -65.,  -70., ..., -112., -111., -111.],
         [ -49.,  -64.,  -72., ..., -114., -114., -114.]],

        [[   3.,    3.,    3., ...,    3.,    4.,    4.],
         [   3.,    3.,    3., ...,    3.,    4.,    4.],
         [   3.,    3.,    3., ...,    3.,    3.,    3.],
         ...,
         [  -3.,   -3.,   -4., ...,    1.,    1.,    1.],
         [  -3.,   -3.,   -3., ...,    1.,    0.,    0.],
         [  -3.,   -3.,   -3., ...,    1.,    0.,    0.]],

        [[  -2.,   -2.,   -2., ...,   -3.,   -4.,   -4.],
         [  -2.,   -2.,   -2., ...,   -3.,   -4.,   -4.],
         [  -2.,   -2.,   -2., ...,   -3.,   -3.,   -3.],
         ...,
         [   0.,    0.,    0., ...,   -2.,   -3.,   -3.],
         [   0.,    0.,    0., ...,   -3.,   -2.,   -2.],
         [   0.,    0.,    0., ...,   -3.,   -2.,   -2.]]]], dtype=float32), array([[[[  57.,   57.,   57., ...,    2.,    2.,    2.],
         [  59.,   59.,   59., ...,    5.,    5.,    5.],
         [  58.,   58.,   58., ...,    4.,    4.,    4.],
         ...,
         [-118., -118., -118., ...,  -98., -100., -105.],
         [-118., -118., -118., ..., -113., -112., -114.],
         [-119., -119., -119., ..., -110., -110., -113.]],

        [[  -4.,   -4.,   -4., ...,   -3.,   -3.,   -3.],
         [  -4.,   -4.,   -4., ...,   -3.,   -3.,   -3.],
         [  -4.,   -4.,   -4., ...,   -3.,   -3.,   -3.],
         ...,
         [  -1.,   -1.,   -1., ...,    1.,    1.,    1.],
         [  -1.,   -1.,   -1., ...,    0.,    1.,    1.],
         [  -1.,   -1.,   -1., ...,    0.,    1.,    1.]],

        [[   1.,    1.,    1., ...,    0.,    0.,    0.],
         [   1.,    1.,    1., ...,    0.,    0.,    0.],
         [   1.,    1.,    1., ...,    0.,    0.,    0.],
         ...,
         [  -1.,   -1.,   -1., ...,   -3.,   -3.,   -3.],
         [  -1.,   -1.,   -1., ...,   -3.,   -3.,   -3.],
         [  -1.,   -1.,   -1., ...,   -3.,   -3.,   -3.]]]], dtype=float32), array([[[[ -58.,  -59.,  -62., ..., -120., -120., -120.],
         [ -60.,  -61.,  -60., ..., -122., -122., -122.],
         [ -64.,  -63.,  -68., ..., -122., -122., -122.],
         ...,
         [  68.,   69.,   71., ...,   35.,   36.,   35.],
         [  70.,   71.,   72., ...,   36.,   34.,   32.],
         [  70.,   71.,   71., ...,   34.,   33.,   33.]],

        [[   0.,    0.,    0., ...,    2.,    2.,    2.],
         [   0.,    0.,    0., ...,    2.,    2.,    2.],
         [   0.,    0.,    0., ...,    2.,    2.,    2.],
         ...,
         [ -13.,  -13.,  -12., ...,  -11.,  -11.,  -11.],
         [ -13.,  -13.,  -13., ...,  -11.,  -11.,  -11.],
         [ -13.,  -13.,  -13., ...,  -11.,  -11.,  -11.]],

        [[   0.,    0.,    0., ...,   -1.,   -1.,   -1.],
         [   0.,    0.,    0., ...,   -1.,   -1.,   -1.],
         [   0.,    0.,    0., ...,   -1.,   -1.,   -1.],
         ...,
         [   4.,    4.,    4., ...,    4.,    4.,    4.],
         [   4.,    4.,    4., ...,    4.,    4.,    4.],
         [   4.,    4.,    4., ...,    4.,    4.,    4.]]]], dtype=float32), array([[[[ -66.,  -67.,  -68., ..., -107.,  -99., -101.],
         [ -62.,  -63.,  -64., ..., -100., -101.,  -97.],
         [ -65.,  -64.,  -63., ...,  -97.,  -97.,  -97.],
         ...,
         [  73.,   73.,   73., ..., -110., -111., -110.],
         [  74.,   74.,   74., ..., -114., -112., -112.],
         [  73.,   72.,   72., ..., -110., -110., -110.]],

        [[  10.,   10.,   10., ...,    2.,    2.,    2.],
         [  10.,   10.,   10., ...,    2.,    2.,    2.],
         [  10.,   10.,   10., ...,    2.,    2.,    2.],
         ...,
         [ -15.,  -15.,  -15., ...,   -1.,   -1.,   -1.],
         [ -15.,  -15.,  -15., ...,   -1.,   -1.,   -1.],
         [ -15.,  -15.,  -15., ...,   -1.,   -1.,   -1.]],

        [[  -7.,   -7.,   -7., ...,   -5.,   -5.,   -5.],
         [  -7.,   -7.,   -7., ...,   -5.,   -5.,   -5.],
         [  -7.,   -7.,   -7., ...,   -5.,   -5.,   -5.],
         ...,
         [   5.,    5.,    5., ...,    0.,    0.,    0.],
         [   5.,    5.,    5., ...,    0.,    0.,    0.],
         [   5.,    5.,    5., ...,    0.,    0.,    0.]]]], dtype=float32), array([[[[-121., -121., -121., ..., -121., -121., -121.],
         [-123., -123., -123., ..., -121., -121., -121.],
         [-123., -123., -123., ..., -121., -121., -121.],
         ...,
         [ -47.,  -46.,  -45., ..., -119., -119., -119.],
         [ -48.,  -47.,  -47., ..., -119., -119., -119.],
         [ -47.,  -46.,  -46., ..., -119., -119., -119.]],

        [[   4.,    4.,    4., ...,    2.,    2.,    2.],
         [   4.,    4.,    4., ...,    2.,    2.,    2.],
         [   4.,    4.,    4., ...,    2.,    2.,    2.],
         ...,
         [   1.,    1.,    1., ...,   -1.,   -1.,   -1.],
         [   1.,    1.,    1., ...,   -1.,   -1.,   -1.],
         [   1.,    1.,    1., ...,   -1.,   -1.,   -1.]],

        [[  -1.,   -1.,   -1., ...,   -1.,   -1.,   -1.],
         [  -1.,   -1.,   -1., ...,   -1.,   -1.,   -1.],
         [  -1.,   -1.,   -1., ...,   -1.,   -1.,   -1.],
         ...,
         [  -3.,   -3.,   -3., ...,   -1.,   -1.,   -1.],
         [  -3.,   -3.,   -3., ...,   -1.,   -1.,   -1.],
         [  -3.,   -3.,   -3., ...,   -1.,   -1.,   -1.]]]], dtype=float32), array([[[[-114., -114., -114., ..., -124., -125., -125.],
         [-114., -114., -114., ..., -124., -123., -122.],
         [-114., -114., -114., ..., -123., -125., -126.],
         ...,
         [ -76.,  -78.,  -79., ..., -108., -108., -109.],
         [ -78.,  -78.,  -78., ..., -110., -108., -105.],
         [ -81.,  -78.,  -81., ..., -110., -109., -107.]],

        [[   5.,    5.,    5., ...,    1.,    1.,    1.],
         [   5.,    5.,    5., ...,    1.,    1.,    1.],
         [   5.,    5.,    5., ...,    1.,    0.,    0.],
         ...,
         [   1.,    1.,    1., ...,    1.,    1.,    1.],
         [   1.,    1.,    1., ...,    1.,    1.,    1.],
         [   1.,    1.,    1., ...,    1.,    1.,    1.]],

        [[  -3.,   -3.,   -3., ...,   -3.,   -3.,   -3.],
         [  -3.,   -3.,   -3., ...,   -3.,   -3.,   -3.],
         [  -3.,   -3.,   -3., ...,   -2.,   -2.,   -2.],
         ...,
         [  -3.,   -3.,   -3., ...,   -1.,   -1.,   -1.],
         [  -3.,   -3.,   -3., ...,   -1.,   -1.,   -1.],
         [  -3.,   -3.,   -3., ...,   -1.,   -1.,   -1.]]]], dtype=float32), array([[[[ -16.,  -12.,   -8., ...,  -92.,  -92.,  -88.],
         [ -16.,  -23.,  -17., ...,  -99.,  -94., -111.],
         [ -28.,  -29.,  -22., ..., -101.,  -98., -103.],
         ...,
         [ -39.,  -39.,  -32., ...,  -58.,  -58.,  -59.],
         [ -48.,  -42.,  -38., ...,  -59.,  -54.,  -58.],
         [ -41.,  -43.,  -35., ...,  -59.,  -59.,  -59.]],

        [[   3.,    3.,    4., ...,    3.,    3.,    3.],
         [   3.,    3.,    4., ...,    3.,    3.,    3.],
         [   3.,    3.,    3., ...,    5.,    5.,    5.],
         ...,
         [   0.,    0.,    0., ...,    1.,    1.,    1.],
         [   0.,    0.,    0., ...,    1.,    1.,    1.],
         [   0.,    0.,    0., ...,    1.,    1.,    1.]],

        [[  -3.,   -3.,   -4., ...,   -7.,   -7.,   -7.],
         [  -3.,   -3.,   -4., ...,   -7.,   -7.,   -7.],
         [  -3.,   -3.,   -3., ...,   -6.,   -6.,   -6.],
         ...,
         [  -2.,   -2.,   -2., ...,   -3.,   -3.,   -3.],
         [  -2.,   -2.,   -2., ...,   -3.,   -3.,   -3.],
         [  -2.,   -2.,   -2., ...,   -3.,   -3.,   -3.]]]], dtype=float32), array([[[[-103., -106., -106., ...,  -15.,   -4.,  -12.],
         [-104., -105., -107., ...,  -11.,  -18.,  -40.],
         [-102., -104., -106., ...,  -28.,  -40.,  -68.],
         ...,
         [  68.,   68.,   68., ...,   72.,   72.,   72.],
         [  68.,   68.,   68., ...,   72.,   72.,   72.],
         [  68.,   67.,   69., ...,   70.,   70.,   70.]],

        [[  10.,   10.,   10., ...,    1.,    0.,    0.],
         [  10.,   10.,   10., ...,    1.,    0.,    0.],
         [  10.,   10.,   10., ...,    1.,    0.,    0.],
         ...,
         [ -13.,  -13.,  -13., ...,  -11.,  -11.,  -11.],
         [ -13.,  -13.,  -13., ...,  -11.,  -11.,  -11.],
         [ -13.,  -13.,  -13., ...,  -11.,  -11.,  -11.]],

        [[  -7.,   -7.,   -7., ...,   -3.,   -3.,   -3.],
         [  -7.,   -7.,   -7., ...,   -3.,   -3.,   -3.],
         [  -7.,   -7.,   -7., ...,   -3.,   -3.,   -3.],
         ...,
         [   4.,    4.,    4., ...,    5.,    5.,    5.],
         [   4.,    4.,    4., ...,    5.,    5.,    5.],
         [   4.,    4.,    4., ...,    5.,    5.,    5.]]]], dtype=float32), array([[[[-124., -124., -124., ..., -123., -123., -123.],
         [-124., -124., -124., ..., -123., -123., -123.],
         [-124., -124., -124., ..., -124., -124., -124.],
         ...,
         [  25.,   25.,   25., ...,   37.,   36.,   37.],
         [  28.,   28.,   28., ...,   38.,   40.,   41.],
         [  28.,   27.,   27., ...,   40.,   40.,   40.]],

        [[   2.,    2.,    2., ...,    2.,    2.,    2.],
         [   2.,    2.,    2., ...,    2.,    2.,    2.],
         [   2.,    2.,    2., ...,    2.,    2.,    2.],
         ...,
         [ -11.,  -11.,  -11., ...,  -12.,  -12.,  -12.],
         [ -11.,  -11.,  -11., ...,  -12.,  -13.,  -13.],
         [ -11.,  -11.,  -11., ...,  -12.,  -13.,  -13.]],

        [[  -1.,   -1.,   -1., ...,   -1.,   -1.,   -1.],
         [  -1.,   -1.,   -1., ...,   -1.,   -1.,   -1.],
         [  -1.,   -1.,   -1., ...,   -1.,   -1.,   -1.],
         ...,
         [   4.,    4.,    4., ...,    7.,    7.,    7.],
         [   4.,    4.,    4., ...,    7.,    6.,    6.],
         [   4.,    4.,    4., ...,    7.,    6.,    6.]]]], dtype=float32), array([[[[ -80.,  -74.,  -78., ...,  -68.,  -63.,  -63.],
         [ -35.,  -48.,  -40., ..., -101.,  -97.,  -94.],
         [ -99.,  -93.,  -96., ..., -104., -104., -105.],
         ...,
         [ -58.,  -58.,  -61., ...,  -79.,  -77.,  -78.],
         [ -76.,  -75.,  -77., ...,  -77.,  -81.,  -81.],
         [ -77.,  -77.,  -77., ...,  -77.,  -78.,  -82.]],

        [[   0.,    0.,    0., ...,    6.,    6.,    6.],
         [   0.,    0.,    0., ...,    6.,    6.,    6.],
         [   3.,    3.,    3., ...,   10.,   10.,   10.],
         ...,
         [  -1.,   -1.,   -1., ...,   -2.,   -2.,   -2.],
         [  -1.,   -1.,   -1., ...,   -2.,   -2.,   -2.],
         [  -1.,   -1.,   -1., ...,   -2.,   -2.,   -2.]],

        [[   0.,    0.,    0., ...,   -1.,   -1.,   -1.],
         [   0.,    0.,    0., ...,   -1.,   -1.,   -1.],
         [  -3.,   -3.,   -3., ...,   -5.,   -5.,   -5.],
         ...,
         [  -1.,   -1.,   -1., ...,   -1.,   -1.,   -1.],
         [  -1.,   -1.,   -1., ...,   -1.,   -1.,   -1.],
         [  -1.,   -1.,   -1., ...,   -1.,   -1.,   -1.]]]], dtype=float32)]}}, 'hbdk_dict': {'hbdk_pass_through_params': '--O3 --debug --core-num 1 --fast --jobs 16 ', 'input-source': {'images': 'pyramid', '_default_value': 'ddr'}}, 'node_dict': {}, 'check_mode': False, 'optimization': ['set_Softmax_input_int8,set_Softmax_output_int8']}
2026-07-20 19:46:01,256 file: model_builder.py func: model_builder line No: 35 Start to Horizon NN Model Convert.
2026-07-20 19:46:01,269 file: model_debugger.py func: model_debugger line No: 67 Loading horizon_nn debug methods:set()
2026-07-20 19:46:01,270 file: quantization_config.py func: quantization_config line No: 305 The activation calibration parameters:
    calibration_type:     ['max', 'kl']
    max_percentile:       [0.99995, 1.0]
    per_channel:          [True, False]
    asymmetric:           [True, False]
The modelwise search parameters:
    similarity:           0.995
    metric:               cosine-similarity
The input of all Softmax nodes are set to : int8
2026-07-20 19:46:01,270 file: input_dict_parser.py func: input_dict_parser line No: 240 input images is from pyramid. Its layout is set to NHWC
2026-07-20 19:46:01,270 file: model_builder.py func: model_builder line No: 197 The specified model compilation architecture: bayes-e.
2026-07-20 19:46:01,270 file: model_builder.py func: model_builder line No: 207 The specified model compilation optimization parameters: [].
2026-07-20 19:46:01,270 file: model_builder.py func: model_builder line No: 35 Start to prepare the onnx model.
2026-07-20 19:46:01,282 file: prepare.py func: prepare line No: 106 Input ONNX Model Information:
ONNX IR version:          6
Opset version:            ['ai.onnx v11', 'horizon v1']
Producer:                 pytorch v2.5.0
Domain:                   None
Version:                  None
Graph input:
    images:               shape=[1, 3, 640, 640], dtype=FLOAT32
Graph output:
    output0:              shape=[1, 80, 80, 3], dtype=FLOAT32
    478:                  shape=[1, 80, 80, 64], dtype=FLOAT32
    492:                  shape=[1, 40, 40, 3], dtype=FLOAT32
    500:                  shape=[1, 40, 40, 64], dtype=FLOAT32
    514:                  shape=[1, 20, 20, 3], dtype=FLOAT32
    522:                  shape=[1, 20, 20, 64], dtype=FLOAT32
2026-07-20 19:46:01,470 file: model_builder.py func: model_builder line No: 38 End to prepare the onnx model.
2026-07-20 19:46:01,488 file: model_builder.py func: model_builder line No: 265 Saving model to: best(2)_bayese_640x640_nv12_original_float_model.onnx.
2026-07-20 19:46:01,489 file: model_builder.py func: model_builder line No: 35 Start to optimize the onnx model.
2026-07-20 19:46:01,619 file: constant_folding.py func: constant_folding line No: 66 Summary info for constant_folding:
2026-07-20 19:46:01,619 file: constant_folding.py func: constant_folding line No: 67   After constant_folding, the number of nodes has changed from 314 to 306.
2026-07-20 19:46:01,619 file: constant_folding.py func: constant_folding line No: 71   After constant_folding, the number of parameters has changed from 2582754 to 2582754.
2026-07-20 19:46:01,619 file: constant_folding.py func: constant_folding line No: 76 Detailed info for constant_folding:
2026-07-20 19:46:01,619 file: constant_folding.py func: constant_folding line No: 88 
2026-07-20 19:46:01,819 file: model_builder.py func: model_builder line No: 38 End to optimize the onnx model.
2026-07-20 19:46:01,836 file: model_builder.py func: model_builder line No: 265 Saving model to: best(2)_bayese_640x640_nv12_optimized_float_model.onnx.
2026-07-20 19:46:01,836 file: model_builder.py func: model_builder line No: 35 Start to calibrate the model.
2026-07-20 19:46:01,974 file: calibration_data_set.py func: calibration_data_set line No: 111 input name: images,  number_of_samples: 26
2026-07-20 19:46:01,974 file: calibration_data_set.py func: calibration_data_set line No: 123 There are 26 samples in the data set.
2026-07-20 19:46:01,974 file: infer_thresholds.py func: infer_thresholds line No: 84 Run calibration model with modelwise search method.
2026-07-20 19:46:02,313 file: base.py func: base line No: 138 Calibration using batch 8
2026-07-20 19:46:04,626 file: ort.py func: ort line No: 207 Reset batch_size=1 and execute forward again...
2026-07-20 19:47:10,514 file: modelwise_search.py func: modelwise_search line No: 75 Select max-percentile:percentile=0.99995 method.
2026-07-20 19:47:11,004 file: model_builder.py func: model_builder line No: 38 End to calibrate the model.
2026-07-20 19:47:11,067 file: model_builder.py func: model_builder line No: 265 Saving model to: best(2)_bayese_640x640_nv12_calibrated_model.onnx.
2026-07-20 19:47:11,067 file: model_builder.py func: model_builder line No: 35 Start to quantize the model.
2026-07-20 19:47:12,119 file: constant_folding.py func: constant_folding line No: 66 Summary info for constant_folding:
2026-07-20 19:47:12,119 file: constant_folding.py func: constant_folding line No: 67   After constant_folding, the number of nodes has changed from 256 to 256.
2026-07-20 19:47:12,119 file: constant_folding.py func: constant_folding line No: 71   After constant_folding, the number of parameters has changed from 2610812 to 2610812.
2026-07-20 19:47:12,119 file: constant_folding.py func: constant_folding line No: 76 Detailed info for constant_folding:
2026-07-20 19:47:12,120 file: constant_folding.py func: constant_folding line No: 88 
2026-07-20 19:47:12,381 file: model_builder.py func: model_builder line No: 38 End to quantize the model.
2026-07-20 19:47:12,413 file: model_builder.py func: model_builder line No: 265 Saving model to: best(2)_bayese_640x640_nv12_quantized_model.onnx.
2026-07-20 19:47:12,413 file: model_builder.py func: model_builder line No: 35 Start to compile the model with march bayes-e.
2026-07-20 19:47:12,607 file: hybrid_build.py func: hybrid_build line No: 111 Compile submodel: main_graph_subgraph_0
2026-07-20 19:47:12,623 file: hbdk_cc.py func: hbdk_cc line No: 126 hbdk-cc parameters:['--O3', '--debug', '--core-num', '1', '--fast', '--jobs', '16', '--input-layout', 'NHWC', '--output-layout', 'NHWC', '--input-source', 'pyramid']
2026-07-20 19:47:12,623 file: hbdk_cc.py func: hbdk_cc line No: 127 hbdk-cc command used:hbdk-cc -f hbir -m /tmp/tmpwqp5s3eu/main_graph_subgraph_0.hbir -o /tmp/tmpwqp5s3eu/main_graph_subgraph_0.hbm --march bayes-e --progressbar --O3 --debug --core-num 1 --fast --jobs 16 --input-layout NHWC --output-layout NHWC --input-source pyramid
2026-07-20 19:49:14,130 file: tool_utils.py func: tool_utils line No: 326 consumed time 121.479
2026-07-20 19:49:14,218 file: tool_utils.py func: tool_utils line No: 326 FPS=206.2, latency = 4849.8 us, DDR = 10672256 bytes   (see main_graph_subgraph_0.html)
2026-07-20 19:49:14,288 file: model_builder.py func: model_builder line No: 38 End to compile the model with march bayes-e.
2026-07-20 19:49:16,194 file: print_info_dict.py func: print_info_dict line No: 72 The main quantized node information:
======================================================================================================================================
Node                                                ON   Subgraph  Type                       Cosine Similarity  Threshold  DataType  
--------------------------------------------------------------------------------------------------------------------------------------
HZ_PREPROCESS_FOR_images                            BPU  id(0)     HzSQuantizedPreprocess     1.000015           127.0      int8      
/model.0/conv/Conv                                  BPU  id(0)     HzSQuantizedConv           0.999784           1.00714    int8      
/model.0/act/Mul                                    BPU  id(0)     HzLut                      0.999359           44.8577    int8      
/model.1/conv/Conv                                  BPU  id(0)     HzSQuantizedConv           0.997082           38.6107    int8      
/model.1/act/Mul                                    BPU  id(0)     HzLut                      0.995830           75.3227    int8      
/model.2/cv1/conv/Conv                              BPU  id(0)     HzSQuantizedConv           0.992757           63.1949    int8      
/model.2/cv1/act/Mul                                BPU  id(0)     HzLut                      0.989594           66.327     int8      
/model.2/Split                                      BPU  id(0)     Split                      0.989439           29.0688    int8      
/model.2/m.0/cv1/conv/Conv                          BPU  id(0)     HzSQuantizedConv           0.997398           29.0688    int8      
/model.2/m.0/cv1/act/Mul                            BPU  id(0)     HzLut                      0.997721           9.20132    int8      
/model.2/m.0/cv2/conv/Conv                          BPU  id(0)     HzSQuantizedConv           0.989845           3.67509    int8      
/model.2/m.0/cv2/act/Mul                            BPU  id(0)     HzLut                      0.993083           32.7428    int8      
/model.2/m.0/Add                                    BPU  id(0)     HzSElementwiseAdd          0.993907           29.0688    int8      
/model.2/Split_output_0_calibrated_Requantize       BPU  id(0)     HzRequantize               --                 --         int8      
/model.2/Split_output_1_calibrated_Requantize       BPU  id(0)     HzRequantize               --                 --         int8      
/model.2/Concat                                     BPU  id(0)     Concat                     0.992325           29.0688    int8      
/model.2/cv2/conv/Conv                              BPU  id(0)     HzSQuantizedConv           0.985559           31.3872    int8      
/model.2/cv2/act/Mul                                BPU  id(0)     HzLut                      0.981204           35.7674    int8      
/model.3/conv/Conv                                  BPU  id(0)     HzSQuantizedConv           0.985850           11.2769    int8      
/model.3/act/Mul                                    BPU  id(0)     HzLut                      0.991517           8.37498    int8      
/model.4/cv1/conv/Conv                              BPU  id(0)     HzSQuantizedConv           0.988744           6.50188    int8      
/model.4/cv1/act/Mul                                BPU  id(0)     HzLut                      0.988764           7.18914    int8      
/model.4/Split                                      BPU  id(0)     Split                      0.987857           4.5545     int8      
/model.4/m.0/cv1/conv/Conv                          BPU  id(0)     HzSQuantizedConv           0.990980           4.5545     int8      
/model.4/m.0/cv1/act/Mul                            BPU  id(0)     HzLut                      0.992190           4.34896    int8      
/model.4/m.0/cv2/conv/Conv                          BPU  id(0)     HzSQuantizedConv           0.993783           3.98934    int8      
/model.4/m.0/cv2/act/Mul                            BPU  id(0)     HzLut                      0.994575           6.48569    int8      
/model.4/m.0/Add                                    BPU  id(0)     HzSElementwiseAdd          0.995850           4.5545     int8      
/model.4/Split_output_0_calibrated_Requantize       BPU  id(0)     HzRequantize               --                 --         int8      
/model.4/Split_output_1_calibrated_Requantize       BPU  id(0)     HzRequantize               --                 --         int8      
/model.4/Concat                                     BPU  id(0)     Concat                     0.993903           4.5545     int8      
/model.4/cv2/conv/Conv                              BPU  id(0)     HzSQuantizedConv           0.988186           6.07303    int8      
/model.4/cv2/act/Mul                                BPU  id(0)     HzLut                      0.982026           7.13675    int8      
/model.5/conv/Conv                                  BPU  id(0)     HzSQuantizedConv           0.989275           3.63174    int8      
/model.5/act/Mul                                    BPU  id(0)     HzLut                      0.988263           6.01129    int8      
/model.6/cv1/conv/Conv                              BPU  id(0)     HzSQuantizedConv           0.984682           4.09203    int8      
/model.6/cv1/act/Mul                                BPU  id(0)     HzLut                      0.979984           10.4899    int8      
/model.6/Split                                      BPU  id(0)     Split                      0.981123           4.95291    int8      
/model.6/m.0/cv1/conv/Conv                          BPU  id(0)     HzSQuantizedConv           0.987160           4.95291    int8      
/model.6/m.0/cv1/act/Mul                            BPU  id(0)     HzLut                      0.987347           4.22337    int8      
/model.6/m.0/m/m.0/cv1/conv/Conv                    BPU  id(0)     HzSQuantizedConv           0.990760           3.97976    int8      
/model.6/m.0/m/m.0/cv1/act/Mul                      BPU  id(0)     HzLut                      0.977567           6.08951    int8      
/model.6/m.0/m/m.0/cv2/conv/Conv                    BPU  id(0)     HzSQuantizedConv           0.986308           4.68857    int8      
/model.6/m.0/m/m.0/cv2/act/Mul                      BPU  id(0)     HzLut                      0.985507           6.30763    int8      
/model.6/m.0/m/m.0/Add                              BPU  id(0)     HzSElementwiseAdd          0.989804           3.97976    int8      
/model.6/m.0/m/m.1/cv1/conv/Conv                    BPU  id(0)     HzSQuantizedConv           0.990228           6.00626    int8      
/model.6/m.0/m/m.1/cv1/act/Mul                      BPU  id(0)     HzLut                      0.982125           5.65612    int8      
/model.6/m.0/m/m.1/cv2/conv/Conv                    BPU  id(0)     HzSQuantizedConv           0.991179           3.75684    int8      
/model.6/m.0/m/m.1/cv2/act/Mul                      BPU  id(0)     HzLut                      0.991853           7.82721    int8      
/model.6/m.0/m/m.1/Add                              BPU  id(0)     HzSElementwiseAdd          0.993742           6.00626    int8      
/model.6/m.0/cv2/conv/Conv                          BPU  id(0)     HzSQuantizedConv           0.981901           4.95291    int8      
/model.6/m.0/cv2/act/Mul                            BPU  id(0)     HzLut                      0.971448           8.36097    int8      
/model.6/m.0/Concat                                 BPU  id(0)     Concat                     0.992685           9.07462    int8      
/model.6/m.0/cv3/conv/Conv                          BPU  id(0)     HzSQuantizedConv           0.986327           9.07462    int8      
/model.6/m.0/cv3/act/Mul                            BPU  id(0)     HzLut                      0.977797           7.30626    int8      
/model.6/Split_output_0_calibrated_Requantize       BPU  id(0)     HzRequantize               --                 --         int8      
/model.6/Split_output_1_calibrated_Requantize       BPU  id(0)     HzRequantize               --                 --         int8      
/model.6/Concat                                     BPU  id(0)     Concat                     0.979273           4.95291    int8      
/model.6/cv2/conv/Conv                              BPU  id(0)     HzSQuantizedConv           0.986910           4.99651    int8      
/model.6/cv2/act/Mul                                BPU  id(0)     HzLut                      0.976903           7.23844    int8      
/model.7/conv/Conv                                  BPU  id(0)     HzSQuantizedConv           0.985467           4.7057     int8      
/model.7/act/Mul                                    BPU  id(0)     HzLut                      0.973688           7.71761    int8      
/model.8/cv1/conv/Conv                              BPU  id(0)     HzSQuantizedConv           0.983649           4.67732    int8      
/model.8/cv1/act/Mul                                BPU  id(0)     HzLut                      0.967376           8.83499    int8      
/model.8/Split                                      BPU  id(0)     Split                      0.964236           6.24107    int8      
/model.8/m.0/cv1/conv/Conv                          BPU  id(0)     HzSQuantizedConv           0.987011           6.24107    int8      
/model.8/m.0/cv1/act/Mul                            BPU  id(0)     HzLut                      0.988947           6.23478    int8      
/model.8/m.0/m/m.0/cv1/conv/Conv                    BPU  id(0)     HzSQuantizedConv           0.993744           4.59006    int8      
/model.8/m.0/m/m.0/cv1/act/Mul                      BPU  id(0)     HzLut                      0.984773           7.98895    int8      
/model.8/m.0/m/m.0/cv2/conv/Conv                    BPU  id(0)     HzSQuantizedConv           0.992473           7.02356    int8      
/model.8/m.0/m/m.0/cv2/act/Mul                      BPU  id(0)     HzLut                      0.991061           11.4147    int8      
/model.8/m.0/m/m.0/Add                              BPU  id(0)     HzSElementwiseAdd          0.991195           4.59006    int8      
/model.8/m.0/m/m.1/cv1/conv/Conv                    BPU  id(0)     HzSQuantizedConv           0.994568           11.0373    int8      
/model.8/m.0/m/m.1/cv1/act/Mul                      BPU  id(0)     HzLut                      0.992972           8.48105    int8      
/model.8/m.0/m/m.1/cv2/conv/Conv                    BPU  id(0)     HzSQuantizedConv           0.995880           5.97116    int8      
/model.8/m.0/m/m.1/cv2/act/Mul                      BPU  id(0)     HzLut                      0.995810           10.7       int8      
/model.8/m.0/m/m.1/Add                              BPU  id(0)     HzSElementwiseAdd          0.995471           11.0373    int8      
/model.8/m.0/cv2/conv/Conv                          BPU  id(0)     HzSQuantizedConv           0.982928           6.24107    int8      
/model.8/m.0/cv2/act/Mul                            BPU  id(0)     HzLut                      0.970290           9.22701    int8      
/model.8/m.0/Concat                                 BPU  id(0)     Concat                     0.994517           16.0135    int8      
/model.8/m.0/cv3/conv/Conv                          BPU  id(0)     HzSQuantizedConv           0.994238           16.0135    int8      
/model.8/m.0/cv3/act/Mul                            BPU  id(0)     HzLut                      0.990003           7.48007    int8      
/model.8/Split_output_0_calibrated_Requantize       BPU  id(0)     HzRequantize               --                 --         int8      
/model.8/Split_output_1_calibrated_Requantize       BPU  id(0)     HzRequantize               --                 --         int8      
/model.8/Concat                                     BPU  id(0)     Concat                     0.974916           6.24107    int8      
/model.8/cv2/conv/Conv                              BPU  id(0)     HzSQuantizedConv           0.983262           6.68271    int8      
/model.8/cv2/act/Mul                                BPU  id(0)     HzLut                      0.978020           7.98258    int8      
/model.9/cv1/conv/Conv                              BPU  id(0)     HzSQuantizedConv           0.996517           5.88476    int8      
/model.9/m/MaxPool                                  BPU  id(0)     HzQuantizedMaxPool         0.998504           7.20873    int8      
/model.9/m_1/MaxPool                                BPU  id(0)     HzQuantizedMaxPool         0.998869           7.20873    int8      
/model.9/m_2/MaxPool                                BPU  id(0)     HzQuantizedMaxPool         0.999115           7.20873    int8      
/model.9/Concat                                     BPU  id(0)     Concat                     0.998585           7.20873    int8      
/model.9/cv2/conv/Conv                              BPU  id(0)     HzSQuantizedConv           0.993932           7.20873    int8      
/model.9/cv2/act/Mul                                BPU  id(0)     HzLut                      0.982454           7.21524    int8      
/model.10/cv1/conv/Conv                             BPU  id(0)     HzSQuantizedConv           0.978917           2.38713    int8      
/model.10/cv1/act/Mul                               BPU  id(0)     HzLut                      0.980093           10.5838    int8      
/model.10/Split                                     BPU  id(0)     Split                      0.977931           10.5818    int8      
/model.10/m/m.0/attn/qkv/conv/Conv                  BPU  id(0)     HzSQuantizedConv           0.982039           10.5818    int8      
/model.10/m/m.0/attn/Reshape                        BPU  id(0)     Reshape                    0.982039           6.37161    int8      
/model.10/m/m.0/attn/Split                          BPU  id(0)     Split                      0.984645           6.37161    int8      
/model.10/m/m.0/attn/Transpose                      BPU  id(0)     Transpose                  0.984645           6.37161    int8      
/model.10/m/m.0/attn/MatMul                         BPU  id(0)     HzSQuantizedMatmul         0.982034           6.37161    int8      
/model.10/m/m.0/attn/Mul                            BPU  id(0)     HzSQuantizedConv           0.982034           72.2208    int8      
/model.10/m/m.0/attn/ReduceMax                      BPU  id(0)     HzQuantizedReduceMax       0.993441           12.767     int8      
/model.10/m/m.0/attn/Sub                            BPU  id(0)     HzSElementwiseSub          0.990799           12.767     int8      
/model.10/m/m.0/attn/Exp                            BPU  id(0)     HzLut                      0.971818           20.7526    int8      
/model.10/m/m.0/attn/ReduceSum                      BPU  id(0)     HzSQuantizedReduceSum      0.984253           1.0        int8      
/model.10/m/m.0/attn/Div_reciprocal                 BPU  id(0)     HzLut                      0.961470           244.397    int8      
/model.10/m/m.0/attn/Div_mul                        BPU  id(0)     HzSElementwiseMul          0.942246           1.0        int8      
/model.10/m/m.0/attn/Transpose_2                    BPU  id(0)     Transpose                  0.942254           0.175987   int8      
/model.10/m/m.0/attn/MatMul_1                       BPU  id(0)     HzSQuantizedMatmul         0.978285           6.37161    int8      
/model.10/m/m.0/attn/Reshape_1                      BPU  id(0)     Reshape                    0.978285           5.55572    int8      
/model.10/m/m.0/attn/Reshape_2                      BPU  id(0)     Reshape                    0.984969           6.37161    int8      
/model.10/m/m.0/attn/pe/conv/Conv                   BPU  id(0)     HzSQuantizedConv           0.980405           6.37161    int8      
/model.10/m/m.0/attn/proj/conv/Conv                 BPU  id(0)     HzSQuantizedConv           0.959829           4.89034    int8      
/model.10/m/m.0/ffn/ffn.0/conv/Conv                 BPU  id(0)     HzSQuantizedConv           0.992131           6.91249    int8      
/model.10/m/m.0/ffn/ffn.0/act/Mul                   BPU  id(0)     HzLut                      0.972268           5.83167    int8      
/model.10/m/m.0/ffn/ffn.1/conv/Conv                 BPU  id(0)     HzSQuantizedConv           0.937461           2.30195    int8      
/model.10/Concat                                    BPU  id(0)     Concat                     0.975230           10.5818    int8      
/model.10/cv2/conv/Conv                             BPU  id(0)     HzSQuantizedConv           0.991580           10.5818    int8      
/model.10/cv2/act/Mul                               BPU  id(0)     HzLut                      0.984861           6.04097    int8      
/model.11/Resize                                    BPU  id(0)     HzQuantizedResizeUpsample  0.984876           6.0778     int8      
/model.11/Resize_output_0_calibrated_Requantize     BPU  id(0)     HzRequantize               --                 --         int8      
...el.6/cv2/act/Mul_output_0_calibrated_Requantize  BPU  id(0)     HzRequantize               --                 --         int8      
/model.12/Concat                                    BPU  id(0)     Concat                     0.980549           6.0778     int8      
/model.13/cv1/conv/Conv                             BPU  id(0)     HzSQuantizedConv           0.986451           4.59118    int8      
/model.13/cv1/act/Mul                               BPU  id(0)     HzLut                      0.981657           6.31669    int8      
/model.13/Split                                     BPU  id(0)     Split                      0.980338           4.00684    int8      
/model.13/m.0/cv1/conv/Conv                         BPU  id(0)     HzSQuantizedConv           0.985637           4.00684    int8      
/model.13/m.0/cv1/act/Mul                           BPU  id(0)     HzLut                      0.980217           5.14912    int8      
/model.13/m.0/cv2/conv/Conv                         BPU  id(0)     HzSQuantizedConv           0.979993           3.33645    int8      
/model.13/m.0/cv2/act/Mul                           BPU  id(0)     HzLut                      0.975342           7.06593    int8      
/model.13/m.0/Add                                   BPU  id(0)     HzSElementwiseAdd          0.978291           4.00684    int8      
/model.13/Split_output_0_calibrated_Requantize      BPU  id(0)     HzRequantize               --                 --         int8      
/model.13/Split_output_1_calibrated_Requantize      BPU  id(0)     HzRequantize               --                 --         int8      
/model.13/Concat                                    BPU  id(0)     Concat                     0.979685           4.00684    int8      
/model.13/cv2/conv/Conv                             BPU  id(0)     HzSQuantizedConv           0.985018           4.92249    int8      
/model.13/cv2/act/Mul                               BPU  id(0)     HzLut                      0.977674           6.99955    int8      
/model.14/Resize                                    BPU  id(0)     HzQuantizedResizeUpsample  0.977627           5.05327    int8      
/model.14/Resize_output_0_calibrated_Requantize     BPU  id(0)     HzRequantize               --                 --         int8      
...el.4/cv2/act/Mul_output_0_calibrated_Requantize  BPU  id(0)     HzRequantize               --                 --         int8      
/model.15/Concat                                    BPU  id(0)     Concat                     0.979602           5.05327    int8      
/model.16/cv1/conv/Conv                             BPU  id(0)     HzSQuantizedConv           0.992113           3.34764    int8      
/model.16/cv1/act/Mul                               BPU  id(0)     HzLut                      0.994303           5.75259    int8      
/model.16/Split                                     BPU  id(0)     Split                      0.994051           2.54336    int8      
/model.16/m.0/cv1/conv/Conv                         BPU  id(0)     HzSQuantizedConv           0.983966           2.54336    int8      
/model.16/m.0/cv1/act/Mul                           BPU  id(0)     HzLut                      0.987996           4.42357    int8      
/model.16/m.0/cv2/conv/Conv                         BPU  id(0)     HzSQuantizedConv           0.987925           4.26255    int8      
/model.16/m.0/cv2/act/Mul                           BPU  id(0)     HzLut                      0.991158           6.17535    int8      
/model.16/m.0/Add                                   BPU  id(0)     HzSElementwiseAdd          0.992316           2.54336    int8      
/model.16/Split_output_0_calibrated_Requantize      BPU  id(0)     HzRequantize               --                 --         int8      
/model.16/Split_output_1_calibrated_Requantize      BPU  id(0)     HzRequantize               --                 --         int8      
/model.16/Concat                                    BPU  id(0)     Concat                     0.993217           2.54336    int8      
/model.16/cv2/conv/Conv                             BPU  id(0)     HzSQuantizedConv           0.989971           4.76318    int8      
/model.16/cv2/act/Mul                               BPU  id(0)     HzLut                      0.991547           5.92779    int8      
/model.17/conv/Conv                                 BPU  id(0)     HzSQuantizedConv           0.987938           4.18112    int8      
/model.17/act/Mul                                   BPU  id(0)     HzLut                      0.984375           6.21758    int8      
/model.18/Concat                                    BPU  id(0)     Concat                     0.981029           5.05327    int8      
/model.19/cv1/conv/Conv                             BPU  id(0)     HzSQuantizedConv           0.988362           5.05327    int8      
/model.19/cv1/act/Mul                               BPU  id(0)     HzLut                      0.985255           6.79455    int8      
/model.19/Split                                     BPU  id(0)     Split                      0.981595           4.32172    int8      
/model.19/m.0/cv1/conv/Conv                         BPU  id(0)     HzSQuantizedConv           0.988970           4.32172    int8      
/model.19/m.0/cv1/act/Mul                           BPU  id(0)     HzLut                      0.990099           6.97556    int8      
/model.19/m.0/cv2/conv/Conv                         BPU  id(0)     HzSQuantizedConv           0.982612           5.23633    int8      
/model.19/m.0/cv2/act/Mul                           BPU  id(0)     HzLut                      0.981756           8.78134    int8      
/model.19/m.0/Add                                   BPU  id(0)     HzSElementwiseAdd          0.980858           4.32172    int8      
/model.19/Split_output_0_calibrated_Requantize      BPU  id(0)     HzRequantize               --                 --         int8      
/model.19/Split_output_1_calibrated_Requantize      BPU  id(0)     HzRequantize               --                 --         int8      
/model.19/Concat                                    BPU  id(0)     Concat                     0.982015           4.32172    int8      
/model.19/cv2/conv/Conv                             BPU  id(0)     HzSQuantizedConv           0.989744           7.10273    int8      
/model.19/cv2/act/Mul                               BPU  id(0)     HzLut                      0.986831           7.78925    int8      
/model.20/conv/Conv                                 BPU  id(0)     HzSQuantizedConv           0.987620           5.65025    int8      
/model.20/act/Mul                                   BPU  id(0)     HzLut                      0.981508           7.30952    int8      
/model.21/Concat                                    BPU  id(0)     Concat                     0.983168           6.0778     int8      
/model.22/cv1/conv/Conv                             BPU  id(0)     HzSQuantizedConv           0.989897           6.0778     int8      
/model.22/cv1/act/Mul                               BPU  id(0)     HzLut                      0.981065           7.64634    int8      
/model.22/Split                                     BPU  id(0)     Split                      0.978728           6.5289     int8      
/model.22/m.0/cv1/conv/Conv                         BPU  id(0)     HzSQuantizedConv           0.993333           6.5289     int8      
/model.22/m.0/cv1/act/Mul                           BPU  id(0)     HzLut                      0.992712           4.01197    int8      
/model.22/m.0/m/m.0/cv1/conv/Conv                   BPU  id(0)     HzSQuantizedConv           0.994008           2.4157     int8      
/model.22/m.0/m/m.0/cv1/act/Mul                     BPU  id(0)     HzLut                      0.989485           8.16757    int8      
/model.22/m.0/m/m.0/cv2/conv/Conv                   BPU  id(0)     HzSQuantizedConv           0.994956           6.32317    int8      
/model.22/m.0/m/m.0/cv2/act/Mul                     BPU  id(0)     HzLut                      0.993244           7.11608    int8      
/model.22/m.0/m/m.0/Add                             BPU  id(0)     HzSElementwiseAdd          0.992796           2.4157     int8      
/model.22/m.0/m/m.1/cv1/conv/Conv                   BPU  id(0)     HzSQuantizedConv           0.995959           6.71186    int8      
/model.22/m.0/m/m.1/cv1/act/Mul                     BPU  id(0)     HzLut                      0.993513           6.78669    int8      
/model.22/m.0/m/m.1/cv2/conv/Conv                   BPU  id(0)     HzSQuantizedConv           0.993840           5.98295    int8      
/model.22/m.0/m/m.1/cv2/act/Mul                     BPU  id(0)     HzLut                      0.993175           12.6123    int8      
/model.22/m.0/m/m.1/Add                             BPU  id(0)     HzSElementwiseAdd          0.993409           6.71186    int8      
/model.22/m.0/cv2/conv/Conv                         BPU  id(0)     HzSQuantizedConv           0.990035           6.5289     int8      
/model.22/m.0/cv2/act/Mul                           BPU  id(0)     HzLut                      0.978063           8.26417    int8      
/model.22/m.0/Concat                                BPU  id(0)     Concat                     0.993093           12.0208    int8      
/model.22/m.0/cv3/conv/Conv                         BPU  id(0)     HzSQuantizedConv           0.992796           12.0208    int8      
/model.22/m.0/cv3/act/Mul                           BPU  id(0)     HzLut                      0.988234           12.8235    int8      
/model.22/Split_output_0_calibrated_Requantize      BPU  id(0)     HzRequantize               --                 --         int8      
/model.22/Split_output_1_calibrated_Requantize      BPU  id(0)     HzRequantize               --                 --         int8      
/model.22/Concat                                    BPU  id(0)     Concat                     0.984882           6.5289     int8      
/model.22/cv2/conv/Conv                             BPU  id(0)     HzSQuantizedConv           0.991368           7.58134    int8      
/model.22/cv2/act/Mul                               BPU  id(0)     HzLut                      0.984617           8.6632     int8      
/model.23/cv3.0/cv3.0.0/cv3.0.0.0/conv/Conv         BPU  id(0)     HzSQuantizedConv           0.997091           4.18112    int8      
/model.23/cv3.0/cv3.0.0/cv3.0.0.0/act/Mul           BPU  id(0)     HzLut                      0.997441           7.90727    int8      
/model.23/cv3.0/cv3.0.0/cv3.0.0.1/conv/Conv         BPU  id(0)     HzSQuantizedConv           0.965845           6.01368    int8      
/model.23/cv3.0/cv3.0.0/cv3.0.0.1/act/Mul           BPU  id(0)     HzLut                      0.966325           5.84992    int8      
/model.23/cv3.0/cv3.0.1/cv3.0.1.0/conv/Conv         BPU  id(0)     HzSQuantizedConv           0.960164           5.35798    int8      
/model.23/cv3.0/cv3.0.1/cv3.0.1.0/act/Mul           BPU  id(0)     HzLut                      0.965209           10.5684    int8      
/model.23/cv3.0/cv3.0.1/cv3.0.1.1/conv/Conv         BPU  id(0)     HzSQuantizedConv           0.967981           8.76959    int8      
/model.23/cv3.0/cv3.0.1/cv3.0.1.1/act/Mul           BPU  id(0)     HzLut                      0.973647           14.5966    int8      
/model.23/cv3.0/cv3.0.2/Conv                        BPU  id(0)     HzSQuantizedConv           0.999256           14.5522    int8      
/model.23/cv2.0/cv2.0.0/conv/Conv                   BPU  id(0)     HzSQuantizedConv           0.982514           4.18112    int8      
/model.23/cv2.0/cv2.0.0/act/Mul                     BPU  id(0)     HzLut                      0.979459           9.10277    int8      
/model.23/cv2.0/cv2.0.1/conv/Conv                   BPU  id(0)     HzSQuantizedConv           0.981611           4.72537    int8      
/model.23/cv2.0/cv2.0.1/act/Mul                     BPU  id(0)     HzLut                      0.983258           19.3818    int8      
/model.23/cv2.0/cv2.0.2/Conv                        BPU  id(0)     HzSQuantizedConv           0.992009           16.7298    int8      
/model.23/cv3.1/cv3.1.0/cv3.1.0.0/conv/Conv         BPU  id(0)     HzSQuantizedConv           0.990498           5.65025    int8      
/model.23/cv3.1/cv3.1.0/cv3.1.0.0/act/Mul           BPU  id(0)     HzLut                      0.991751           10.9003    int8      
/model.23/cv3.1/cv3.1.0/cv3.1.0.1/conv/Conv         BPU  id(0)     HzSQuantizedConv           0.978749           8.91498    int8      
/model.23/cv3.1/cv3.1.0/cv3.1.0.1/act/Mul           BPU  id(0)     HzLut                      0.977104           7.52785    int8      
/model.23/cv3.1/cv3.1.1/cv3.1.1.0/conv/Conv         BPU  id(0)     HzSQuantizedConv           0.976024           6.16612    int8      
/model.23/cv3.1/cv3.1.1/cv3.1.1.0/act/Mul           BPU  id(0)     HzLut                      0.977515           11.1306    int8      
/model.23/cv3.1/cv3.1.1/cv3.1.1.1/conv/Conv         BPU  id(0)     HzSQuantizedConv           0.980740           9.87917    int8      
/model.23/cv3.1/cv3.1.1/cv3.1.1.1/act/Mul           BPU  id(0)     HzLut                      0.982659           16.7526    int8      
/model.23/cv3.1/cv3.1.2/Conv                        BPU  id(0)     HzSQuantizedConv           0.998848           16.7526    int8      
/model.23/cv2.1/cv2.1.0/conv/Conv                   BPU  id(0)     HzSQuantizedConv           0.988092           5.65025    int8      
/model.23/cv2.1/cv2.1.0/act/Mul                     BPU  id(0)     HzLut                      0.983919           11.6443    int8      
/model.23/cv2.1/cv2.1.1/conv/Conv                   BPU  id(0)     HzSQuantizedConv           0.986824           6.83166    int8      
/model.23/cv2.1/cv2.1.1/act/Mul                     BPU  id(0)     HzLut                      0.986093           22.7678    int8      
/model.23/cv2.1/cv2.1.2/Conv                        BPU  id(0)     HzSQuantizedConv           0.990609           22.7678    int8      
/model.23/cv3.2/cv3.2.0/cv3.2.0.0/conv/Conv         BPU  id(0)     HzSQuantizedConv           0.982420           7.64798    int8      
/model.23/cv3.2/cv3.2.0/cv3.2.0.0/act/Mul           BPU  id(0)     HzLut                      0.982721           11.5326    int8      
/model.23/cv3.2/cv3.2.0/cv3.2.0.1/conv/Conv         BPU  id(0)     HzSQuantizedConv           0.985694           10.3329    int8      
/model.23/cv3.2/cv3.2.0/cv3.2.0.1/act/Mul           BPU  id(0)     HzLut                      0.983256           8.17347    int8      
/model.23/cv3.2/cv3.2.1/cv3.2.1.0/conv/Conv         BPU  id(0)     HzSQuantizedConv           0.982159           6.15475    int8      
/model.23/cv3.2/cv3.2.1/cv3.2.1.0/act/Mul           BPU  id(0)     HzLut                      0.982975           9.85144    int8      
/model.23/cv3.2/cv3.2.1/cv3.2.1.1/conv/Conv         BPU  id(0)     HzSQuantizedConv           0.986694           9.73333    int8      
/model.23/cv3.2/cv3.2.1/cv3.2.1.1/act/Mul           BPU  id(0)     HzLut                      0.986733           13.6762    int8      
/model.23/cv3.2/cv3.2.2/Conv                        BPU  id(0)     HzSQuantizedConv           0.998864           13.6762    int8      
/model.23/cv2.2/cv2.2.0/conv/Conv                   BPU  id(0)     HzSQuantizedConv           0.992167           7.64798    int8      
/model.23/cv2.2/cv2.2.0/act/Mul                     BPU  id(0)     HzLut                      0.989494           7.90697    int8      
/model.23/cv2.2/cv2.2.1/conv/Conv                   BPU  id(0)     HzSQuantizedConv           0.991620           7.49948    int8      
/model.23/cv2.2/cv2.2.1/act/Mul                     BPU  id(0)     HzLut                      0.993014           16.749     int8      
/model.23/cv2.2/cv2.2.2/Conv                        BPU  id(0)     HzSQuantizedConv           0.996941           16.5084    int8
2026-07-20 19:49:16,194 file: print_info_dict.py func: print_info_dict line No: 72 The quantized model output:
=============================================================================
Output      Cosine Similarity  L1 Distance  L2 Distance  Chebyshev Distance  
-----------------------------------------------------------------------------
output0     0.999256           0.506196     0.004938     8.780457            
478         0.992009           0.675726     0.001621     8.342573            
492         0.998847           0.558210     0.011016     4.720291            
500         0.990609           0.716173     0.003946     12.353584           
514         0.998864           0.562167     0.021815     5.324680            
522         0.996941           0.410382     0.003883     9.670477
2026-07-20 19:49:16,197 file: model_builder.py func: model_builder line No: 38 End to Horizon NN Model Convert.
2026-07-20 19:49:16,203 file: hb_mapper_makertbin.py func: hb_mapper_makertbin line No: 601 start convert to *.bin file....
2026-07-20 19:49:16,219 file: onnx2horizonrt.py func: onnx2horizonrt line No: 4326 ONNX model output num : 6
2026-07-20 19:49:16,221 file: layout_util.py func: layout_util line No: 15 set_featuremap_layout start
2026-07-20 19:49:16,221 file: onnx2horizonrt.py func: onnx2horizonrt line No: 4060 model_deps_info: {'hb_mapper_version': '1.24.3', 'hbdk_version': '3.49.15', 'hbdk_runtime_version': ' 3.15.55.0', 'horizon_nn_version': '1.1.0', 'onnx_model': '/home/gjl/Documents/xwechat_files/wxid_qfwlbb25fwgs22_94aa/msg/file/2026-07/best(2).onnx', 'march': 'bayes-e', 'layer_out_dump': False, 'log_level': 'DEBUG', 'working_dir': '/home/gjl/.temporary_workspace/bpu_model_output', 'model_prefix': 'best(2)_bayese_640x640_nv12', 'input_names': ['images'], 'input_type_rt': ['nv12'], 'input_space_and_range': ['regular'], 'input_type_train': ['rgb'], 'input_layout_rt': [''], 'input_layout_train': ['NCHW'], 'norm_type': ['data_scale'], 'scale_value': ['0.003921568627451,'], 'mean_value': [''], 'input_shape': ['1x3x640x640'], 'input_batch': [], 'cal_dir': ['/home/gjl/.temporary_workspace/.calibration_data_temporary_folder'], 'cal_data_type': ['float32'], 'preprocess_on': False, 'calibration_type': 'default', 'per_channel': 'False', 'optimization': ['set_Softmax_input_int8,set_Softmax_output_int8'], 'hbdk_params': {'hbdk_pass_through_params': '--O3 --debug --core-num 1 --fast --jobs 16 ', 'input-source': {'images': 'pyramid', '_default_value': 'ddr'}}, 'debug': True, 'compile_mode': 'latency'}
2026-07-20 19:49:16,221 file: onnx2horizonrt.py func: onnx2horizonrt line No: 4183 ############# model deps info #############
2026-07-20 19:49:16,221 file: onnx2horizonrt.py func: onnx2horizonrt line No: 4184 hb_mapper version   : 1.24.3
2026-07-20 19:49:16,221 file: onnx2horizonrt.py func: onnx2horizonrt line No: 4187 hbdk version        : 3.49.15
2026-07-20 19:49:16,221 file: onnx2horizonrt.py func: onnx2horizonrt line No: 4189 hbdk runtime version: 3.15.55.0
2026-07-20 19:49:16,221 file: onnx2horizonrt.py func: onnx2horizonrt line No: 4192 horizon_nn version  : 1.1.0
2026-07-20 19:49:16,221 file: onnx2horizonrt.py func: onnx2horizonrt line No: 4196 ############# model_parameters info #############
2026-07-20 19:49:16,221 file: onnx2horizonrt.py func: onnx2horizonrt line No: 4202 onnx_model          : /home/gjl/Documents/xwechat_files/wxid_qfwlbb25fwgs22_94aa/msg/file/2026-07/best(2).onnx
2026-07-20 19:49:16,221 file: onnx2horizonrt.py func: onnx2horizonrt line No: 4203 BPU march           : bayes-e
2026-07-20 19:49:16,221 file: onnx2horizonrt.py func: onnx2horizonrt line No: 4204 layer_out_dump      : False
2026-07-20 19:49:16,221 file: onnx2horizonrt.py func: onnx2horizonrt line No: 4205 log_level           : DEBUG
2026-07-20 19:49:16,221 file: onnx2horizonrt.py func: onnx2horizonrt line No: 4206 working dir         : /home/gjl/.temporary_workspace/bpu_model_output
2026-07-20 19:49:16,221 file: onnx2horizonrt.py func: onnx2horizonrt line No: 4207 output_model_file_prefix: best(2)_bayese_640x640_nv12
2026-07-20 19:49:16,221 file: onnx2horizonrt.py func: onnx2horizonrt line No: 4228 ############# input_parameters info #############
2026-07-20 19:49:16,221 file: onnx2horizonrt.py func: onnx2horizonrt line No: 4246 ------------------------------------------
2026-07-20 19:49:16,221 file: onnx2horizonrt.py func: onnx2horizonrt line No: 4248 ---------input info : images ---------
2026-07-20 19:49:16,221 file: onnx2horizonrt.py func: onnx2horizonrt line No: 4249 input_name          : images
2026-07-20 19:49:16,221 file: onnx2horizonrt.py func: onnx2horizonrt line No: 4250 input_type_rt       : nv12
2026-07-20 19:49:16,221 file: onnx2horizonrt.py func: onnx2horizonrt line No: 4252 input_space&range   : regular
2026-07-20 19:49:16,221 file: onnx2horizonrt.py func: onnx2horizonrt line No: 4254 input_layout_rt     : None
2026-07-20 19:49:16,221 file: onnx2horizonrt.py func: onnx2horizonrt line No: 4255 input_type_train    : rgb
2026-07-20 19:49:16,221 file: onnx2horizonrt.py func: onnx2horizonrt line No: 4256 input_layout_train  : NCHW
2026-07-20 19:49:16,221 file: onnx2horizonrt.py func: onnx2horizonrt line No: 4257 norm_type           : data_scale
2026-07-20 19:49:16,222 file: onnx2horizonrt.py func: onnx2horizonrt line No: 4258 input_shape         : 1x3x640x640
2026-07-20 19:49:16,222 file: onnx2horizonrt.py func: onnx2horizonrt line No: 4266 scale_value         : 0.003921568627451,
2026-07-20 19:49:16,222 file: onnx2horizonrt.py func: onnx2horizonrt line No: 4268 cal_data_dir        : /home/gjl/.temporary_workspace/.calibration_data_temporary_folder
2026-07-20 19:49:16,222 file: onnx2horizonrt.py func: onnx2horizonrt line No: 4270 cal_data_type       : float32
2026-07-20 19:49:16,222 file: onnx2horizonrt.py func: onnx2horizonrt line No: 4271 ---------input info : images end -------
2026-07-20 19:49:16,222 file: onnx2horizonrt.py func: onnx2horizonrt line No: 4272 ------------------------------------------
2026-07-20 19:49:16,222 file: onnx2horizonrt.py func: onnx2horizonrt line No: 4274 ############# calibration_parameters info #############
2026-07-20 19:49:16,222 file: onnx2horizonrt.py func: onnx2horizonrt line No: 4275 preprocess_on       : False
2026-07-20 19:49:16,222 file: onnx2horizonrt.py func: onnx2horizonrt line No: 4276 calibration_type:   : default
2026-07-20 19:49:16,222 file: onnx2horizonrt.py func: onnx2horizonrt line No: 4278 optimization        : set_Softmax_input_int8,set_Softmax_output_int8;
2026-07-20 19:49:16,222 file: onnx2horizonrt.py func: onnx2horizonrt line No: 4284 per_channel         : False
2026-07-20 19:49:16,222 file: onnx2horizonrt.py func: onnx2horizonrt line No: 4303 ############# compiler_parameters info #############
2026-07-20 19:49:16,222 file: onnx2horizonrt.py func: onnx2horizonrt line No: 4305 debug               : True
2026-07-20 19:49:16,222 file: onnx2horizonrt.py func: onnx2horizonrt line No: 4307 compile_mode        : latency
2026-07-20 19:49:16,222 file: onnx2horizonrt.py func: onnx2horizonrt line No: 4310 hbdk_pass_through_params: --O3 --debug --core-num 1 --fast --jobs 16
2026-07-20 19:49:16,222 file: onnx2horizonrt.py func: onnx2horizonrt line No: 4310 input-source        : {'images': 'pyramid', '_default_value': 'ddr'}
2026-07-20 19:49:16,224 file: hb_mapper_makertbin.py func: hb_mapper_makertbin line No: 783 Convert to runtime bin file successfully!
2026-07-20 19:49:16,224 file: hb_mapper_makertbin.py func: hb_mapper_makertbin line No: 784 End Model Convert
